<?xml version="1.0" encoding="UTF-8"?>
<!-- Generated by org.testng.reporters.JUnitReportReporter -->
<testsuite hostname="DESKTOP-1U1S0Q0" failures="0" tests="2" name="rahulshettyacademy.tests.SubmitOrderTest" time="17.503" errors="0" timestamp="2024-02-15T19:52:41 IST" skipped="0">
  <testcase classname="rahulshettyacademy.tests.SubmitOrderTest" name="submitOrder" time="5.121"/>
  <testcase classname="rahulshettyacademy.tests.SubmitOrderTest" name="submitOrder" time="12.382"/>
</testsuite> <!-- rahulshettyacademy.tests.SubmitOrderTest -->
