<?xml version="1.0" encoding="UTF-8"?>
<!-- Generated by org.testng.reporters.JUnitReportReporter -->
<testsuite hostname="DESKTOP-1U1S0Q0" failures="0" tests="1" name="cucumber.TestNGTestRunner" time="21.480" errors="0" timestamp="2024-02-15T19:49:46 IST" skipped="0">
  <testcase classname="cucumber.TestNGTestRunner" name="runScenario" time="21.480"/>
</testsuite> <!-- cucumber.TestNGTestRunner -->
