<?xml version="1.0" encoding="UTF-8"?>
<!-- Generated by org.testng.reporters.JUnitReportReporter -->
<testsuite hostname="DESKTOP-1U1S0Q0" failures="0" tests="3" name="rahulshettyacademy.tests.SubmitOrderTest" time="15.192" errors="0" timestamp="2024-02-15T21:23:28 IST" skipped="0">
  <testcase classname="rahulshettyacademy.tests.SubmitOrderTest" name="submitOrder" time="4.578"/>
  <testcase classname="rahulshettyacademy.tests.SubmitOrderTest" name="submitOrder" time="7.396"/>
  <testcase classname="rahulshettyacademy.tests.SubmitOrderTest" name="OrderHistoryTest" time="3.218"/>
</testsuite> <!-- rahulshettyacademy.tests.SubmitOrderTest -->
