<?xml version="1.0" encoding="UTF-8"?>
<!-- Generated by org.testng.reporters.JUnitReportReporter -->
<testsuite hostname="DESKTOP-1U1S0Q0" failures="0" tests="2" name="rahulshettyacademy.tests.ErrorValidationsTest" time="10.106" errors="0" timestamp="2024-02-15T21:23:28 IST" skipped="0">
  <testcase classname="rahulshettyacademy.tests.ErrorValidationsTest" name="LoginErrorValidation" time="5.202"/>
  <testcase classname="rahulshettyacademy.tests.ErrorValidationsTest" name="ProductErrorValidation" time="4.904"/>
</testsuite> <!-- rahulshettyacademy.tests.ErrorValidationsTest -->
